0 info it worked if it ends with ok
1 verbose cli [ '/usr/bin/node',
1 verbose cli   '/usr/bin/npm',
1 verbose cli   'install',
1 verbose cli   'connect',
1 verbose cli   'serve-static' ]
2 info using npm@1.4.28
3 info using node@v0.10.33
4 verbose node symlink /usr/bin/node
5 verbose config Skipping project config: /home/jacemonje/.npmrc. (matches userconfig)
6 verbose cache add [ 'connect', null ]
7 verbose cache add name=undefined spec="connect" args=["connect",null]
8 verbose parsed url { protocol: null,
8 verbose parsed url   slashes: null,
8 verbose parsed url   auth: null,
8 verbose parsed url   host: null,
8 verbose parsed url   port: null,
8 verbose parsed url   hostname: null,
8 verbose parsed url   hash: null,
8 verbose parsed url   search: null,
8 verbose parsed url   query: null,
8 verbose parsed url   pathname: 'connect',
8 verbose parsed url   path: 'connect',
8 verbose parsed url   href: 'connect' }
9 verbose cache add [ 'serve-static', null ]
10 verbose cache add name=undefined spec="serve-static" args=["serve-static",null]
11 verbose parsed url { protocol: null,
11 verbose parsed url   slashes: null,
11 verbose parsed url   auth: null,
11 verbose parsed url   host: null,
11 verbose parsed url   port: null,
11 verbose parsed url   hostname: null,
11 verbose parsed url   hash: null,
11 verbose parsed url   search: null,
11 verbose parsed url   query: null,
11 verbose parsed url   pathname: 'serve-static',
11 verbose parsed url   path: 'serve-static',
11 verbose parsed url   href: 'serve-static' }
12 silly lockFile f11a107f-connect connect
13 verbose lock connect /home/jacemonje/.npm/f11a107f-connect.lock
14 silly lockFile fae0c2c0-serve-static serve-static
15 verbose lock serve-static /home/jacemonje/.npm/fae0c2c0-serve-static.lock
16 silly lockFile f11a107f-connect connect
17 silly lockFile f11a107f-connect connect
18 verbose addNamed [ 'connect', '' ]
19 verbose addNamed [ null, '*' ]
20 silly lockFile 6c45e0f3-connect connect@
21 verbose lock connect@ /home/jacemonje/.npm/6c45e0f3-connect.lock
22 silly lockFile fae0c2c0-serve-static serve-static
23 silly lockFile fae0c2c0-serve-static serve-static
24 silly addNameRange { name: 'connect', range: '*', hasData: false }
25 verbose addNamed [ 'serve-static', '' ]
26 verbose addNamed [ null, '*' ]
27 silly lockFile 5f35dc5b-serve-static serve-static@
28 verbose lock serve-static@ /home/jacemonje/.npm/5f35dc5b-serve-static.lock
29 silly addNameRange { name: 'serve-static', range: '*', hasData: false }
30 verbose request where is /connect
31 verbose request registry https://registry.npmjs.org/
32 verbose request id c69cbdb503bb7853
33 verbose url raw /connect
34 verbose url resolving [ 'https://registry.npmjs.org/', './connect' ]
35 verbose url resolved https://registry.npmjs.org/connect
36 verbose request where is https://registry.npmjs.org/connect
37 info trying registry request attempt 1 at 13:31:07
38 verbose etag "6MU11ERZGY2J2EAG86PAAMN3W"
39 http GET https://registry.npmjs.org/connect
40 verbose request where is /serve-static
41 verbose request registry https://registry.npmjs.org/
42 verbose url raw /serve-static
43 verbose url resolving [ 'https://registry.npmjs.org/', './serve-static' ]
44 verbose url resolved https://registry.npmjs.org/serve-static
45 verbose request where is https://registry.npmjs.org/serve-static
46 info trying registry request attempt 1 at 13:31:07
47 verbose etag "96JQSD3H706R1LZ2RW0JDBYGB"
48 http GET https://registry.npmjs.org/serve-static
49 http 200 https://registry.npmjs.org/serve-static
50 silly registry.get cb [ 200,
50 silly registry.get   { date: 'Thu, 26 Mar 2015 05:31:08 GMT',
50 silly registry.get     server: 'CouchDB/1.5.0 (Erlang OTP/R16B03)',
50 silly registry.get     etag: '"2WQHQQ7UKENXGS1GNATN66KE7"',
50 silly registry.get     'content-type': 'application/json',
50 silly registry.get     'cache-control': 'max-age=60',
50 silly registry.get     'content-length': '64927',
50 silly registry.get     'accept-ranges': 'bytes',
50 silly registry.get     via: '1.1 varnish',
50 silly registry.get     age: '20',
50 silly registry.get     'x-served-by': 'cache-hkg6825-HKG',
50 silly registry.get     'x-cache': 'HIT',
50 silly registry.get     'x-cache-hits': '2',
50 silly registry.get     'x-timer': 'S1427347868.009728,VS0,VE0',
50 silly registry.get     vary: 'Accept',
50 silly registry.get     'keep-alive': 'timeout=10, max=50',
50 silly registry.get     connection: 'Keep-Alive' } ]
51 silly addNameRange number 2 { name: 'serve-static', range: '*', hasData: true }
52 silly addNameRange versions [ 'serve-static',
52 silly addNameRange   [ '1.0.0',
52 silly addNameRange     '1.0.1',
52 silly addNameRange     '1.0.2',
52 silly addNameRange     '1.0.3',
52 silly addNameRange     '1.0.4',
52 silly addNameRange     '1.1.0',
52 silly addNameRange     '1.2.0',
52 silly addNameRange     '1.2.1',
52 silly addNameRange     '1.2.2',
52 silly addNameRange     '1.2.3',
52 silly addNameRange     '1.3.0',
52 silly addNameRange     '1.3.1',
52 silly addNameRange     '1.3.2',
52 silly addNameRange     '1.4.0',
52 silly addNameRange     '1.4.1',
52 silly addNameRange     '1.4.2',
52 silly addNameRange     '1.4.3',
52 silly addNameRange     '1.4.4',
52 silly addNameRange     '1.5.0',
52 silly addNameRange     '1.5.1',
52 silly addNameRange     '1.5.2',
52 silly addNameRange     '1.5.3',
52 silly addNameRange     '1.5.4',
52 silly addNameRange     '1.6.0',
52 silly addNameRange     '1.6.1',
52 silly addNameRange     '1.6.2',
52 silly addNameRange     '1.6.3',
52 silly addNameRange     '1.6.4',
52 silly addNameRange     '1.7.0',
52 silly addNameRange     '1.7.1',
52 silly addNameRange     '1.7.2',
52 silly addNameRange     '1.8.0',
52 silly addNameRange     '1.8.1',
52 silly addNameRange     '1.6.5',
52 silly addNameRange     '1.9.0',
52 silly addNameRange     '1.9.1',
52 silly addNameRange     '1.9.2' ] ]
53 verbose addNamed [ 'serve-static', '1.9.2' ]
54 verbose addNamed [ '1.9.2', '1.9.2' ]
55 silly lockFile f2a0d051-serve-static-1-9-2 serve-static@1.9.2
56 verbose lock serve-static@1.9.2 /home/jacemonje/.npm/f2a0d051-serve-static-1-9-2.lock
57 silly lockFile 8987f975-ve-static-serve-static-1-9-2-tgz https://registry.npmjs.org/serve-static/-/serve-static-1.9.2.tgz
58 verbose lock https://registry.npmjs.org/serve-static/-/serve-static-1.9.2.tgz /home/jacemonje/.npm/8987f975-ve-static-serve-static-1-9-2-tgz.lock
59 verbose addRemoteTarball [ 'https://registry.npmjs.org/serve-static/-/serve-static-1.9.2.tgz',
59 verbose addRemoteTarball   '069fa32453557b218ec2e39140c82d8905d5672c' ]
60 info retry fetch attempt 1 at 13:31:08
61 verbose fetch to= /tmp/npm-9693-qvbi9K-F/registry.npmjs.org/serve-static/-/serve-static-1.9.2.tgz
62 http GET https://registry.npmjs.org/serve-static/-/serve-static-1.9.2.tgz
63 http 200 https://registry.npmjs.org/serve-static/-/serve-static-1.9.2.tgz
64 silly lockFile 8987f975-ve-static-serve-static-1-9-2-tgz https://registry.npmjs.org/serve-static/-/serve-static-1.9.2.tgz
65 silly lockFile 8987f975-ve-static-serve-static-1-9-2-tgz https://registry.npmjs.org/serve-static/-/serve-static-1.9.2.tgz
66 silly lockFile f2a0d051-serve-static-1-9-2 serve-static@1.9.2
67 silly lockFile f2a0d051-serve-static-1-9-2 serve-static@1.9.2
68 silly lockFile 5f35dc5b-serve-static serve-static@
69 silly lockFile 5f35dc5b-serve-static serve-static@
70 http 200 https://registry.npmjs.org/connect
71 silly registry.get cb [ 200,
71 silly registry.get   { date: 'Thu, 26 Mar 2015 05:31:08 GMT',
71 silly registry.get     server: 'CouchDB/1.5.0 (Erlang OTP/R16B03)',
71 silly registry.get     etag: '"64AXXFSA68VRWQAPMR956IYVF"',
71 silly registry.get     'content-type': 'application/json',
71 silly registry.get     'cache-control': 'max-age=60',
71 silly registry.get     'content-length': '319563',
71 silly registry.get     'accept-ranges': 'bytes',
71 silly registry.get     via: '1.1 varnish',
71 silly registry.get     age: '0',
71 silly registry.get     'x-served-by': 'cache-hkg6824-HKG',
71 silly registry.get     'x-cache': 'HIT',
71 silly registry.get     'x-cache-hits': '1',
71 silly registry.get     'x-timer': 'S1427347867.996431,VS0,VE162',
71 silly registry.get     vary: 'Accept',
71 silly registry.get     'keep-alive': 'timeout=10, max=50',
71 silly registry.get     connection: 'Keep-Alive' } ]
72 silly addNameRange number 2 { name: 'connect', range: '*', hasData: true }
73 silly addNameRange versions [ 'connect',
73 silly addNameRange   [ '0.0.1',
73 silly addNameRange     '0.0.2',
73 silly addNameRange     '0.0.3',
73 silly addNameRange     '0.0.4',
73 silly addNameRange     '0.0.5',
73 silly addNameRange     '0.0.6',
73 silly addNameRange     '0.1.0',
73 silly addNameRange     '0.2.0',
73 silly addNameRange     '0.2.1',
73 silly addNameRange     '0.2.2',
73 silly addNameRange     '0.2.3',
73 silly addNameRange     '0.2.4',
73 silly addNameRange     '0.2.5',
73 silly addNameRange     '0.2.6',
73 silly addNameRange     '0.2.7',
73 silly addNameRange     '0.3.0',
73 silly addNameRange     '0.4.0',
73 silly addNameRange     '0.5.0',
73 silly addNameRange     '0.5.1',
73 silly addNameRange     '0.5.2',
73 silly addNameRange     '0.5.3',
73 silly addNameRange     '0.5.4',
73 silly addNameRange     '0.5.5',
73 silly addNameRange     '0.5.6',
73 silly addNameRange     '0.5.7',
73 silly addNameRange     '0.5.8',
73 silly addNameRange     '0.5.9',
73 silly addNameRange     '0.5.10',
73 silly addNameRange     '1.0.0',
73 silly addNameRange     '1.0.1',
73 silly addNameRange     '1.0.2',
73 silly addNameRange     '1.0.3',
73 silly addNameRange     '1.0.4',
73 silly addNameRange     '1.0.5',
73 silly addNameRange     '1.0.6',
73 silly addNameRange     '1.1.0',
73 silly addNameRange     '1.1.1',
73 silly addNameRange     '1.1.2',
73 silly addNameRange     '1.1.3',
73 silly addNameRange     '1.1.4',
73 silly addNameRange     '1.1.5',
73 silly addNameRange     '1.2.0',
73 silly addNameRange     '1.2.1',
73 silly addNameRange     '1.2.2',
73 silly addNameRange     '1.2.3',
73 silly addNameRange     '1.3.0',
73 silly addNameRange     '1.4.0',
73 silly addNameRange     '1.4.1',
73 silly addNameRange     '1.4.2',
73 silly addNameRange     '1.4.3',
73 silly addNameRange     '1.4.4',
73 silly addNameRange     '1.4.5',
73 silly addNameRange     '1.4.6',
73 silly addNameRange     '1.5.0',
73 silly addNameRange     '1.5.1',
73 silly addNameRange     '1.5.2',
73 silly addNameRange     '1.6.0',
73 silly addNameRange     '1.6.1',
73 silly addNameRange     '1.6.2',
73 silly addNameRange     '1.6.3',
73 silly addNameRange     '1.6.4',
73 silly addNameRange     '1.7.0',
73 silly addNameRange     '1.7.1',
73 silly addNameRange     '1.7.2',
73 silly addNameRange     '1.7.3',
73 silly addNameRange     '1.8.0',
73 silly addNameRange     '1.8.1',
73 silly addNameRange     '1.8.2',
73 silly addNameRange     '1.8.3',
73 silly addNameRange     '1.8.4',
73 silly addNameRange     '1.8.5',
73 silly addNameRange     '2.0.0',
73 silly addNameRange     '2.0.1',
73 silly addNameRange     '2.0.2',
73 silly addNameRange     '2.0.3',
73 silly addNameRange     '1.8.6',
73 silly addNameRange     '2.1.0',
73 silly addNameRange     '2.1.1',
73 silly addNameRange     '2.1.2',
73 silly addNameRange     '1.8.7',
73 silly addNameRange     '2.1.3',
73 silly addNameRange     '2.2.0',
73 silly addNameRange     '2.2.1',
73 silly addNameRange     '2.2.2',
73 silly addNameRange     '2.3.0',
73 silly addNameRange     '2.3.1',
73 silly addNameRange     '2.3.2',
73 silly addNameRange     '2.3.3',
73 silly addNameRange     '1.9.0',
73 silly addNameRange     '1.9.1',
73 silly addNameRange     '2.3.4',
73 silly addNameRange     '2.3.5',
73 silly addNameRange     '2.3.6',
73 silly addNameRange     '2.3.7',
73 silly addNameRange     '1.9.2',
73 silly addNameRange     '2.3.8',
73 silly addNameRange     '2.3.9',
73 silly addNameRange     '2.4.0',
73 silly addNameRange     '2.4.1',
73 silly addNameRange     '2.4.2',
73 silly addNameRange     '2.4.3',
73 silly addNameRange     '2.4.4',
73 silly addNameRange     '2.4.5',
73 silly addNameRange     '2.4.6',
73 silly addNameRange     '2.5.0',
73 silly addNameRange     '2.6.0',
73 silly addNameRange     '2.6.1',
73 silly addNameRange     '2.6.2',
73 silly addNameRange     '2.7.0',
73 silly addNameRange     '2.7.1',
73 silly addNameRange     '2.7.2',
73 silly addNameRange     '2.7.3',
73 silly addNameRange     '2.7.4',
73 silly addNameRange     '2.7.5',
73 silly addNameRange     '2.7.6',
73 silly addNameRange     '2.7.7',
73 silly addNameRange     '2.7.8',
73 silly addNameRange     '2.7.9',
73 silly addNameRange     '2.7.10',
73 silly addNameRange     '2.7.11',
73 silly addNameRange     '2.8.0',
73 silly addNameRange     '2.8.1',
73 silly addNameRange     '2.8.2',
73 silly addNameRange     '2.8.3',
73 silly addNameRange     '2.8.4',
73 silly addNameRange     '2.8.5',
73 silly addNameRange     '2.8.6',
73 silly addNameRange     '2.8.7',
73 silly addNameRange     '2.8.8',
73 silly addNameRange     '2.9.0',
73 silly addNameRange     '2.9.1',
73 silly addNameRange     '2.9.2',
73 silly addNameRange     '2.10.0',
73 silly addNameRange     '2.10.1',
73 silly addNameRange     '2.11.0',
73 silly addNameRange     '2.11.1',
73 silly addNameRange     '2.11.2',
73 silly addNameRange     '2.12.0',
73 silly addNameRange     '2.13.0',
73 silly addNameRange     '2.13.1',
73 silly addNameRange     '2.14.0',
73 silly addNameRange     '2.14.1',
73 silly addNameRange     '3.0.0-rc.1',
73 silly addNameRange     '2.14.2',
73 silly addNameRange     '2.14.3',
73 silly addNameRange     '2.14.4',
73 silly addNameRange     '2.14.5',
73 silly addNameRange     '2.15.0',
73 silly addNameRange     '3.0.0-rc.2',
73 silly addNameRange     '2.16.0',
73 silly addNameRange     '2.16.1',
73 silly addNameRange     '2.16.2',
73 silly addNameRange     '2.17.0',
73 silly addNameRange     '2.17.1',
73 silly addNameRange     '2.17.2',
73 silly addNameRange     '2.17.3',
73 silly addNameRange     '2.18.0',
73 silly addNameRange     '3.0.0',
73 silly addNameRange     '2.19.0',
73 silly addNameRange     '2.19.1',
73 silly addNameRange     '2.19.2',
73 silly addNameRange     '2.19.3',
73 silly addNameRange     '2.19.4',
73 silly addNameRange     '2.19.5',
73 silly addNameRange     '2.19.6',
73 silly addNameRange     '2.20.0',
73 silly addNameRange     '2.20.1',
73 silly addNameRange     '2.20.2',
73 silly addNameRange     '3.0.1',
73 silly addNameRange     '2.21.0',
73 silly addNameRange     '2.21.1',
73 silly addNameRange     '2.22.0',
73 silly addNameRange     '2.23.0',
73 silly addNameRange     '3.0.2',
73 silly addNameRange     '2.24.0',
73 silly addNameRange     '3.1.0',
73 silly addNameRange     '2.24.1',
73 silly addNameRange     '2.24.2',
73 silly addNameRange     '2.24.3',
73 silly addNameRange     '2.25.0',
73 silly addNameRange     '2.25.1',
73 silly addNameRange     '2.25.2',
73 silly addNameRange     '2.25.3',
73 silly addNameRange     '2.25.4',
73 silly addNameRange     '3.1.1',
73 silly addNameRange     '2.25.5',
73 silly addNameRange     '2.25.6',
73 silly addNameRange     '2.25.7',
73 silly addNameRange     '2.25.8',
73 silly addNameRange     '2.25.9',
73 silly addNameRange     '2.25.10',
73 silly addNameRange     '2.26.0',
73 silly addNameRange     '3.2.0',
73 silly addNameRange     '2.26.1',
73 silly addNameRange     '2.26.2',
73 silly addNameRange     '2.26.3',
73 silly addNameRange     '2.26.4',
73 silly addNameRange     '2.26.5',
73 silly addNameRange     '2.26.6',
73 silly addNameRange     '2.27.0',
73 silly addNameRange     '3.3.0',
73 silly addNameRange     '2.27.1',
73 silly addNameRange     '3.3.1',
73 silly addNameRange     '2.27.2',
73 silly addNameRange     '3.3.2',
73 silly addNameRange     '2.27.3',
73 silly addNameRange     '3.3.3',
73 silly addNameRange     '2.27.4',
73 silly addNameRange     '2.27.5',
73 silly addNameRange     '2.27.6',
73 silly addNameRange     '2.28.0',
73 silly addNameRange     '3.3.4',
73 silly addNameRange     '2.28.1',
73 silly addNameRange     '2.28.2',
73 silly addNameRange     '2.28.3',
73 silly addNameRange     '2.29.0',
73 silly addNameRange     '2.29.1',
73 silly addNameRange     '3.3.5' ] ]
74 verbose addNamed [ 'connect', '3.3.5' ]
75 verbose addNamed [ '3.3.5', '3.3.5' ]
76 silly lockFile 10f076f0-connect-3-3-5 connect@3.3.5
77 verbose lock connect@3.3.5 /home/jacemonje/.npm/10f076f0-connect-3-3-5.lock
78 silly lockFile 89889d54-js-org-connect-connect-3-3-5-tgz https://registry.npmjs.org/connect/-/connect-3.3.5.tgz
79 verbose lock https://registry.npmjs.org/connect/-/connect-3.3.5.tgz /home/jacemonje/.npm/89889d54-js-org-connect-connect-3-3-5-tgz.lock
80 verbose addRemoteTarball [ 'https://registry.npmjs.org/connect/-/connect-3.3.5.tgz',
80 verbose addRemoteTarball   'd1d9958c90a830bb429271e7a0a4aaaa9d033cab' ]
81 info retry fetch attempt 1 at 13:31:09
82 verbose fetch to= /tmp/npm-9693-qvbi9K-F/registry.npmjs.org/connect/-/connect-3.3.5.tgz
83 http GET https://registry.npmjs.org/connect/-/connect-3.3.5.tgz
84 http 200 https://registry.npmjs.org/connect/-/connect-3.3.5.tgz
85 silly lockFile 89889d54-js-org-connect-connect-3-3-5-tgz https://registry.npmjs.org/connect/-/connect-3.3.5.tgz
86 silly lockFile 89889d54-js-org-connect-connect-3-3-5-tgz https://registry.npmjs.org/connect/-/connect-3.3.5.tgz
87 silly lockFile 10f076f0-connect-3-3-5 connect@3.3.5
88 silly lockFile 10f076f0-connect-3-3-5 connect@3.3.5
89 silly lockFile 6c45e0f3-connect connect@
90 silly lockFile 6c45e0f3-connect connect@
91 error Error: EACCES, mkdir '/home/jacemonje/.npm/serve-static/1.9.2'
91 error  { [Error: EACCES, mkdir '/home/jacemonje/.npm/serve-static/1.9.2']
91 error   errno: 3,
91 error   code: 'EACCES',
91 error   path: '/home/jacemonje/.npm/serve-static/1.9.2' }
92 error Please try running this command again as root/Administrator.
93 error System Linux 3.13.0-46-generic
94 error command "/usr/bin/node" "/usr/bin/npm" "install" "connect" "serve-static"
95 error cwd /home/jacemonje/Desktop/final_soa/SOA_Pokemon
96 error node -v v0.10.33
97 error npm -v 1.4.28
98 error path /home/jacemonje/.npm/serve-static/1.9.2
99 error code EACCES
100 error errno 3
101 error stack Error: EACCES, mkdir '/home/jacemonje/.npm/serve-static/1.9.2'
102 verbose exit [ 3, true ]
